{"C:\\Users\\david.hayes\\Downloads\\ai-dev-education\\src\\utils\\chatbot.js": {"path":"C:\\Users\\david.hayes\\Downloads\\ai-dev-education\\src\\utils\\chatbot.js","statementMap":{"0":{"start":{"line":11,"column":4},"end":{"line":11,"column":37}},"1":{"start":{"line":12,"column":4},"end":{"line":12,"column":66}},"2":{"start":{"line":16,"column":4},"end":{"line":64,"column":5}},"3":{"start":{"line":18,"column":6},"end":{"line":21,"column":9}},"4":{"start":{"line":23,"column":23},"end":{"line":39,"column":8}},"5":{"start":{"line":41,"column":6},"end":{"line":43,"column":7}},"6":{"start":{"line":42,"column":8},"end":{"line":42,"column":77}},"7":{"start":{"line":45,"column":19},"end":{"line":45,"column":40}},"8":{"start":{"line":46,"column":23},"end":{"line":46,"column":54}},"9":{"start":{"line":49,"column":6},"end":{"line":52,"column":9}},"10":{"start":{"line":54,"column":6},"end":{"line":57,"column":8}},"11":{"start":{"line":59,"column":6},"end":{"line":59,"column":71}},"12":{"start":{"line":60,"column":6},"end":{"line":63,"column":8}}},"fnMap":{"0":{"name":"(anonymous_0)","decl":{"start":{"line":10,"column":2},"end":{"line":10,"column":3}},"loc":{"start":{"line":10,"column":16},"end":{"line":13,"column":3}},"line":10},"1":{"name":"(anonymous_1)","decl":{"start":{"line":15,"column":2},"end":{"line":15,"column":3}},"loc":{"start":{"line":15,"column":55},"end":{"line":65,"column":3}},"line":15}},"branchMap":{"0":{"loc":{"start":{"line":15,"column":29},"end":{"line":15,"column":53}},"type":"default-arg","locations":[{"start":{"line":15,"column":51},"end":{"line":15,"column":53}}],"line":15},"1":{"loc":{"start":{"line":41,"column":6},"end":{"line":43,"column":7}},"type":"if","locations":[{"start":{"line":41,"column":6},"end":{"line":43,"column":7}},{"start":{},"end":{}}],"line":41}},"s":{"0":0,"1":0,"2":0,"3":0,"4":0,"5":0,"6":0,"7":0,"8":0,"9":0,"10":0,"11":0,"12":0},"f":{"0":0,"1":0},"b":{"0":[0],"1":[0,0]}}
,"C:\\Users\\david.hayes\\Downloads\\ai-dev-education\\src\\utils\\main.js": {"path":"C:\\Users\\david.hayes\\Downloads\\ai-dev-education\\src\\utils\\main.js","statementMap":{"0":{"start":{"line":10,"column":0},"end":{"line":70,"column":3}},"1":{"start":{"line":12,"column":4},"end":{"line":12,"column":18}},"2":{"start":{"line":15,"column":4},"end":{"line":30,"column":7}},"3":{"start":{"line":16,"column":8},"end":{"line":29,"column":11}},"4":{"start":{"line":17,"column":12},"end":{"line":17,"column":31}},"5":{"start":{"line":19,"column":29},"end":{"line":19,"column":54}},"6":{"start":{"line":20,"column":12},"end":{"line":20,"column":41}},"7":{"start":{"line":20,"column":34},"end":{"line":20,"column":41}},"8":{"start":{"line":22,"column":34},"end":{"line":22,"column":66}},"9":{"start":{"line":23,"column":12},"end":{"line":28,"column":13}},"10":{"start":{"line":24,"column":16},"end":{"line":27,"column":19}},"11":{"start":{"line":33,"column":28},"end":{"line":52,"column":5}},"12":{"start":{"line":34,"column":23},"end":{"line":34,"column":55}},"13":{"start":{"line":35,"column":20},"end":{"line":35,"column":49}},"14":{"start":{"line":38,"column":30},"end":{"line":38,"column":59}},"15":{"start":{"line":39,"column":8},"end":{"line":39,"column":52}},"16":{"start":{"line":40,"column":8},"end":{"line":40,"column":64}},"17":{"start":{"line":43,"column":8},"end":{"line":43,"column":83}},"18":{"start":{"line":46,"column":8},"end":{"line":51,"column":11}},"19":{"start":{"line":47,"column":12},"end":{"line":47,"column":43}},"20":{"start":{"line":48,"column":12},"end":{"line":50,"column":46}},"21":{"start":{"line":55,"column":4},"end":{"line":57,"column":5}},"22":{"start":{"line":56,"column":8},"end":{"line":56,"column":26}},"23":{"start":{"line":60,"column":4},"end":{"line":66,"column":7}},"24":{"start":{"line":61,"column":8},"end":{"line":65,"column":9}},"25":{"start":{"line":62,"column":12},"end":{"line":64,"column":13}},"26":{"start":{"line":63,"column":16},"end":{"line":63,"column":34}},"27":{"start":{"line":69,"column":4},"end":{"line":69,"column":18}},"28":{"start":{"line":75,"column":19},"end":{"line":75,"column":62}},"29":{"start":{"line":76,"column":25},"end":{"line":76,"column":54}},"30":{"start":{"line":77,"column":4},"end":{"line":77,"column":45}},"31":{"start":{"line":78,"column":4},"end":{"line":78,"column":61}},"32":{"start":{"line":79,"column":4},"end":{"line":79,"column":37}},"33":{"start":{"line":82,"column":24},"end":{"line":82,"column":53}},"34":{"start":{"line":83,"column":4},"end":{"line":83,"column":43}},"35":{"start":{"line":84,"column":4},"end":{"line":90,"column":6}},"36":{"start":{"line":91,"column":4},"end":{"line":91,"column":43}},"37":{"start":{"line":94,"column":18},"end":{"line":94,"column":49}},"38":{"start":{"line":95,"column":4},"end":{"line":177,"column":6}},"39":{"start":{"line":178,"column":4},"end":{"line":178,"column":37}},"40":{"start":{"line":181,"column":4},"end":{"line":184,"column":7}},"41":{"start":{"line":182,"column":8},"end":{"line":182,"column":44}},"42":{"start":{"line":183,"column":8},"end":{"line":183,"column":51}},"43":{"start":{"line":187,"column":4},"end":{"line":189,"column":7}},"44":{"start":{"line":188,"column":8},"end":{"line":188,"column":47}},"45":{"start":{"line":192,"column":4},"end":{"line":196,"column":7}},"46":{"start":{"line":193,"column":8},"end":{"line":195,"column":9}},"47":{"start":{"line":194,"column":12},"end":{"line":194,"column":51}},"48":{"start":{"line":199,"column":24},"end":{"line":199,"column":58}},"49":{"start":{"line":200,"column":26},"end":{"line":200,"column":70}},"50":{"start":{"line":202,"column":4},"end":{"line":233,"column":7}},"51":{"start":{"line":203,"column":22},"end":{"line":203,"column":53}},"52":{"start":{"line":204,"column":8},"end":{"line":207,"column":9}},"53":{"start":{"line":205,"column":12},"end":{"line":205,"column":92}},"54":{"start":{"line":206,"column":12},"end":{"line":206,"column":19}},"55":{"start":{"line":210,"column":22},"end":{"line":216,"column":9}},"56":{"start":{"line":218,"column":24},"end":{"line":221,"column":9}},"57":{"start":{"line":219,"column":12},"end":{"line":220,"column":54}},"58":{"start":{"line":223,"column":8},"end":{"line":232,"column":9}},"59":{"start":{"line":224,"column":12},"end":{"line":224,"column":64}},"60":{"start":{"line":226,"column":12},"end":{"line":231,"column":24}},"61":{"start":{"line":226,"column":60},"end":{"line":231,"column":13}},"62":{"start":{"line":238,"column":26},"end":{"line":238,"column":67}},"63":{"start":{"line":240,"column":4},"end":{"line":240,"column":31}},"64":{"start":{"line":240,"column":24},"end":{"line":240,"column":31}},"65":{"start":{"line":243,"column":29},"end":{"line":243,"column":58}},"66":{"start":{"line":244,"column":4},"end":{"line":244,"column":53}},"67":{"start":{"line":245,"column":4},"end":{"line":262,"column":6}},"68":{"start":{"line":265,"column":18},"end":{"line":265,"column":49}},"69":{"start":{"line":266,"column":4},"end":{"line":362,"column":6}},"70":{"start":{"line":364,"column":4},"end":{"line":364,"column":37}},"71":{"start":{"line":365,"column":4},"end":{"line":365,"column":48}},"72":{"start":{"line":368,"column":4},"end":{"line":370,"column":7}},"73":{"start":{"line":369,"column":8},"end":{"line":369,"column":52}},"74":{"start":{"line":373,"column":4},"end":{"line":375,"column":7}},"75":{"start":{"line":374,"column":8},"end":{"line":374,"column":52}},"76":{"start":{"line":378,"column":25},"end":{"line":378,"column":64}},"77":{"start":{"line":379,"column":23},"end":{"line":379,"column":63}},"78":{"start":{"line":380,"column":30},"end":{"line":380,"column":81}},"79":{"start":{"line":381,"column":28},"end":{"line":381,"column":77}},"80":{"start":{"line":384,"column":30},"end":{"line":384,"column":32}},"81":{"start":{"line":387,"column":24},"end":{"line":387,"column":49}},"82":{"start":{"line":388,"column":8},"end":{"line":388,"column":29}},"83":{"start":{"line":388,"column":22},"end":{"line":388,"column":29}},"84":{"start":{"line":391,"column":35},"end":{"line":391,"column":64}},"85":{"start":{"line":392,"column":8},"end":{"line":392,"column":54}},"86":{"start":{"line":393,"column":8},"end":{"line":393,"column":59}},"87":{"start":{"line":394,"column":8},"end":{"line":394,"column":58}},"88":{"start":{"line":397,"column":8},"end":{"line":397,"column":32}},"89":{"start":{"line":400,"column":8},"end":{"line":400,"column":69}},"90":{"start":{"line":403,"column":8},"end":{"line":403,"column":48}},"91":{"start":{"line":405,"column":8},"end":{"line":442,"column":9}},"92":{"start":{"line":407,"column":12},"end":{"line":427,"column":13}},"93":{"start":{"line":409,"column":33},"end":{"line":409,"column":92}},"94":{"start":{"line":412,"column":16},"end":{"line":412,"column":62}},"95":{"start":{"line":415,"column":42},"end":{"line":415,"column":71}},"96":{"start":{"line":416,"column":16},"end":{"line":416,"column":60}},"97":{"start":{"line":417,"column":16},"end":{"line":417,"column":73}},"98":{"start":{"line":418,"column":16},"end":{"line":418,"column":65}},"99":{"start":{"line":421,"column":16},"end":{"line":426,"column":25}},"100":{"start":{"line":422,"column":46},"end":{"line":422,"column":75}},"101":{"start":{"line":423,"column":20},"end":{"line":423,"column":64}},"102":{"start":{"line":424,"column":20},"end":{"line":424,"column":151}},"103":{"start":{"line":425,"column":20},"end":{"line":425,"column":69}},"104":{"start":{"line":429,"column":12},"end":{"line":429,"column":54}},"105":{"start":{"line":432,"column":38},"end":{"line":432,"column":67}},"106":{"start":{"line":433,"column":12},"end":{"line":433,"column":56}},"107":{"start":{"line":434,"column":12},"end":{"line":434,"column":137}},"108":{"start":{"line":435,"column":12},"end":{"line":435,"column":61}},"109":{"start":{"line":438,"column":12},"end":{"line":438,"column":51}},"110":{"start":{"line":441,"column":12},"end":{"line":441,"column":73}},"111":{"start":{"line":445,"column":4},"end":{"line":445,"column":54}},"112":{"start":{"line":446,"column":4},"end":{"line":450,"column":7}},"113":{"start":{"line":447,"column":8},"end":{"line":449,"column":9}},"114":{"start":{"line":448,"column":12},"end":{"line":448,"column":26}}},"fnMap":{"0":{"name":"(anonymous_0)","decl":{"start":{"line":10,"column":46},"end":{"line":10,"column":47}},"loc":{"start":{"line":10,"column":57},"end":{"line":70,"column":1}},"line":10},"1":{"name":"(anonymous_1)","decl":{"start":{"line":15,"column":54},"end":{"line":15,"column":55}},"loc":{"start":{"line":15,"column":64},"end":{"line":30,"column":5}},"line":15},"2":{"name":"(anonymous_2)","decl":{"start":{"line":16,"column":41},"end":{"line":16,"column":42}},"loc":{"start":{"line":16,"column":53},"end":{"line":29,"column":9}},"line":16},"3":{"name":"(anonymous_3)","decl":{"start":{"line":33,"column":28},"end":{"line":33,"column":29}},"loc":{"start":{"line":33,"column":34},"end":{"line":52,"column":5}},"line":33},"4":{"name":"(anonymous_4)","decl":{"start":{"line":46,"column":48},"end":{"line":46,"column":49}},"loc":{"start":{"line":46,"column":59},"end":{"line":51,"column":9}},"line":46},"5":{"name":"(anonymous_5)","decl":{"start":{"line":60,"column":38},"end":{"line":60,"column":39}},"loc":{"start":{"line":60,"column":49},"end":{"line":66,"column":5}},"line":60},"6":{"name":"setupSearch","decl":{"start":{"line":73,"column":9},"end":{"line":73,"column":20}},"loc":{"start":{"line":73,"column":23},"end":{"line":234,"column":1}},"line":73},"7":{"name":"(anonymous_7)","decl":{"start":{"line":181,"column":43},"end":{"line":181,"column":44}},"loc":{"start":{"line":181,"column":54},"end":{"line":184,"column":5}},"line":181},"8":{"name":"(anonymous_8)","decl":{"start":{"line":187,"column":73},"end":{"line":187,"column":74}},"loc":{"start":{"line":187,"column":84},"end":{"line":189,"column":5}},"line":187},"9":{"name":"(anonymous_9)","decl":{"start":{"line":192,"column":41},"end":{"line":192,"column":42}},"loc":{"start":{"line":192,"column":53},"end":{"line":196,"column":5}},"line":192},"10":{"name":"(anonymous_10)","decl":{"start":{"line":202,"column":42},"end":{"line":202,"column":43}},"loc":{"start":{"line":202,"column":53},"end":{"line":233,"column":5}},"line":202},"11":{"name":"(anonymous_11)","decl":{"start":{"line":218,"column":37},"end":{"line":218,"column":38}},"loc":{"start":{"line":219,"column":12},"end":{"line":220,"column":54}},"line":219},"12":{"name":"(anonymous_12)","decl":{"start":{"line":226,"column":50},"end":{"line":226,"column":51}},"loc":{"start":{"line":226,"column":60},"end":{"line":231,"column":13}},"line":226},"13":{"name":"initChatbot","decl":{"start":{"line":237,"column":9},"end":{"line":237,"column":20}},"loc":{"start":{"line":237,"column":23},"end":{"line":451,"column":1}},"line":237},"14":{"name":"(anonymous_14)","decl":{"start":{"line":368,"column":44},"end":{"line":368,"column":45}},"loc":{"start":{"line":368,"column":55},"end":{"line":370,"column":5}},"line":368},"15":{"name":"(anonymous_15)","decl":{"start":{"line":373,"column":71},"end":{"line":373,"column":72}},"loc":{"start":{"line":373,"column":82},"end":{"line":375,"column":5}},"line":373},"16":{"name":"sendMessage","decl":{"start":{"line":386,"column":19},"end":{"line":386,"column":30}},"loc":{"start":{"line":386,"column":33},"end":{"line":443,"column":5}},"line":386},"17":{"name":"(anonymous_17)","decl":{"start":{"line":421,"column":27},"end":{"line":421,"column":28}},"loc":{"start":{"line":421,"column":33},"end":{"line":426,"column":17}},"line":421},"18":{"name":"(anonymous_18)","decl":{"start":{"line":446,"column":46},"end":{"line":446,"column":47}},"loc":{"start":{"line":446,"column":58},"end":{"line":450,"column":5}},"line":446}},"branchMap":{"0":{"loc":{"start":{"line":20,"column":12},"end":{"line":20,"column":41}},"type":"if","locations":[{"start":{"line":20,"column":12},"end":{"line":20,"column":41}},{"start":{},"end":{}}],"line":20},"1":{"loc":{"start":{"line":23,"column":12},"end":{"line":28,"column":13}},"type":"if","locations":[{"start":{"line":23,"column":12},"end":{"line":28,"column":13}},{"start":{},"end":{}}],"line":23},"2":{"loc":{"start":{"line":48,"column":29},"end":{"line":50,"column":45}},"type":"cond-expr","locations":[{"start":{"line":49,"column":16},"end":{"line":49,"column":46}},{"start":{"line":50,"column":16},"end":{"line":50,"column":45}}],"line":48},"3":{"loc":{"start":{"line":55,"column":4},"end":{"line":57,"column":5}},"type":"if","locations":[{"start":{"line":55,"column":4},"end":{"line":57,"column":5}},{"start":{},"end":{}}],"line":55},"4":{"loc":{"start":{"line":61,"column":8},"end":{"line":65,"column":9}},"type":"if","locations":[{"start":{"line":61,"column":8},"end":{"line":65,"column":9}},{"start":{},"end":{}}],"line":61},"5":{"loc":{"start":{"line":62,"column":12},"end":{"line":64,"column":13}},"type":"if","locations":[{"start":{"line":62,"column":12},"end":{"line":64,"column":13}},{"start":{},"end":{}}],"line":62},"6":{"loc":{"start":{"line":193,"column":8},"end":{"line":195,"column":9}},"type":"if","locations":[{"start":{"line":193,"column":8},"end":{"line":195,"column":9}},{"start":{},"end":{}}],"line":193},"7":{"loc":{"start":{"line":193,"column":12},"end":{"line":193,"column":74}},"type":"binary-expr","locations":[{"start":{"line":193,"column":12},"end":{"line":193,"column":30}},{"start":{"line":193,"column":34},"end":{"line":193,"column":74}}],"line":193},"8":{"loc":{"start":{"line":204,"column":8},"end":{"line":207,"column":9}},"type":"if","locations":[{"start":{"line":204,"column":8},"end":{"line":207,"column":9}},{"start":{},"end":{}}],"line":204},"9":{"loc":{"start":{"line":219,"column":12},"end":{"line":220,"column":54}},"type":"binary-expr","locations":[{"start":{"line":219,"column":12},"end":{"line":219,"column":52}},{"start":{"line":220,"column":12},"end":{"line":220,"column":54}}],"line":219},"10":{"loc":{"start":{"line":223,"column":8},"end":{"line":232,"column":9}},"type":"if","locations":[{"start":{"line":223,"column":8},"end":{"line":232,"column":9}},{"start":{"line":225,"column":15},"end":{"line":232,"column":9}}],"line":223},"11":{"loc":{"start":{"line":240,"column":4},"end":{"line":240,"column":31}},"type":"if","locations":[{"start":{"line":240,"column":4},"end":{"line":240,"column":31}},{"start":{},"end":{}}],"line":240},"12":{"loc":{"start":{"line":388,"column":8},"end":{"line":388,"column":29}},"type":"if","locations":[{"start":{"line":388,"column":8},"end":{"line":388,"column":29}},{"start":{},"end":{}}],"line":388},"13":{"loc":{"start":{"line":407,"column":12},"end":{"line":427,"column":13}},"type":"if","locations":[{"start":{"line":407,"column":12},"end":{"line":427,"column":13}},{"start":{"line":419,"column":19},"end":{"line":427,"column":13}}],"line":407},"14":{"loc":{"start":{"line":447,"column":8},"end":{"line":449,"column":9}},"type":"if","locations":[{"start":{"line":447,"column":8},"end":{"line":449,"column":9}},{"start":{},"end":{}}],"line":447}},"s":{"0":0,"1":0,"2":0,"3":0,"4":0,"5":0,"6":0,"7":0,"8":0,"9":0,"10":0,"11":0,"12":0,"13":0,"14":0,"15":0,"16":0,"17":0,"18":0,"19":0,"20":0,"21":0,"22":0,"23":0,"24":0,"25":0,"26":0,"27":0,"28":0,"29":0,"30":0,"31":0,"32":0,"33":0,"34":0,"35":0,"36":0,"37":0,"38":0,"39":0,"40":0,"41":0,"42":0,"43":0,"44":0,"45":0,"46":0,"47":0,"48":0,"49":0,"50":0,"51":0,"52":0,"53":0,"54":0,"55":0,"56":0,"57":0,"58":0,"59":0,"60":0,"61":0,"62":0,"63":0,"64":0,"65":0,"66":0,"67":0,"68":0,"69":0,"70":0,"71":0,"72":0,"73":0,"74":0,"75":0,"76":0,"77":0,"78":0,"79":0,"80":0,"81":0,"82":0,"83":0,"84":0,"85":0,"86":0,"87":0,"88":0,"89":0,"90":0,"91":0,"92":0,"93":0,"94":0,"95":0,"96":0,"97":0,"98":0,"99":0,"100":0,"101":0,"102":0,"103":0,"104":0,"105":0,"106":0,"107":0,"108":0,"109":0,"110":0,"111":0,"112":0,"113":0,"114":0},"f":{"0":0,"1":0,"2":0,"3":0,"4":0,"5":0,"6":0,"7":0,"8":0,"9":0,"10":0,"11":0,"12":0,"13":0,"14":0,"15":0,"16":0,"17":0,"18":0},"b":{"0":[0,0],"1":[0,0],"2":[0,0],"3":[0,0],"4":[0,0],"5":[0,0],"6":[0,0],"7":[0,0],"8":[0,0],"9":[0,0],"10":[0,0],"11":[0,0],"12":[0,0],"13":[0,0],"14":[0,0]}}
,"C:\\Users\\david.hayes\\Downloads\\ai-dev-education\\src\\utils\\main.min.js": {"path":"C:\\Users\\david.hayes\\Downloads\\ai-dev-education\\src\\utils\\main.min.js","statementMap":{"0":{"start":{"line":6,"column":53},"end":{"line":6,"column":970}},"1":{"start":{"line":6,"column":109},"end":{"line":6,"column":384}},"2":{"start":{"line":6,"column":177},"end":{"line":6,"column":381}},"3":{"start":{"line":6,"column":216},"end":{"line":6,"column":235}},"4":{"start":{"line":6,"column":243},"end":{"line":6,"column":268}},"5":{"start":{"line":6,"column":269},"end":{"line":6,"column":287}},"6":{"start":{"line":6,"column":280},"end":{"line":6,"column":287}},"7":{"start":{"line":6,"column":295},"end":{"line":6,"column":320}},"8":{"start":{"line":6,"column":321},"end":{"line":6,"column":379}},"9":{"start":{"line":6,"column":392},"end":{"line":6,"column":805}},"10":{"start":{"line":6,"column":405},"end":{"line":6,"column":437}},"11":{"start":{"line":6,"column":440},"end":{"line":6,"column":469}},"12":{"start":{"line":6,"column":472},"end":{"line":6,"column":501}},"13":{"start":{"line":6,"column":502},"end":{"line":6,"column":804}},"14":{"start":{"line":6,"column":667},"end":{"line":6,"column":802}},"15":{"start":{"line":6,"column":806},"end":{"line":6,"column":967}},"16":{"start":{"line":6,"column":878},"end":{"line":6,"column":951}},"17":{"start":{"line":6,"column":1001},"end":{"line":6,"column":1044}},"18":{"start":{"line":6,"column":1047},"end":{"line":6,"column":1076}},"19":{"start":{"line":6,"column":1077},"end":{"line":6,"column":1166}},"20":{"start":{"line":6,"column":1174},"end":{"line":6,"column":1203}},"21":{"start":{"line":6,"column":1204},"end":{"line":6,"column":1527}},"22":{"start":{"line":6,"column":1535},"end":{"line":6,"column":1566}},"23":{"start":{"line":6,"column":1567},"end":{"line":6,"column":4040}},"24":{"start":{"line":6,"column":3750},"end":{"line":6,"column":3808}},"25":{"start":{"line":6,"column":3880},"end":{"line":6,"column":3908}},"26":{"start":{"line":6,"column":3959},"end":{"line":6,"column":4037}},"27":{"start":{"line":6,"column":4048},"end":{"line":6,"column":4072}},"28":{"start":{"line":6,"column":4075},"end":{"line":6,"column":4109}},"29":{"start":{"line":6,"column":4110},"end":{"line":6,"column":5474}},"30":{"start":{"line":6,"column":4156},"end":{"line":6,"column":4187}},"31":{"start":{"line":6,"column":4188},"end":{"line":6,"column":4281}},"32":{"start":{"line":6,"column":4202},"end":{"line":6,"column":4281}},"33":{"start":{"line":6,"column":4289},"end":{"line":6,"column":5203}},"34":{"start":{"line":6,"column":5132},"end":{"line":6,"column":5202}},"35":{"start":{"line":6,"column":5204},"end":{"line":6,"column":5472}},"36":{"start":{"line":6,"column":5276},"end":{"line":6,"column":5462}},"37":{"start":{"line":6,"column":5506},"end":{"line":6,"column":5547}},"38":{"start":{"line":6,"column":5548},"end":{"line":6,"column":5561}},"39":{"start":{"line":6,"column":5554},"end":{"line":6,"column":5561}},"40":{"start":{"line":6,"column":5569},"end":{"line":6,"column":5598}},"41":{"start":{"line":6,"column":5599},"end":{"line":6,"column":6401}},"42":{"start":{"line":6,"column":6409},"end":{"line":6,"column":6440}},"43":{"start":{"line":6,"column":6441},"end":{"line":6,"column":9212}},"44":{"start":{"line":6,"column":9073},"end":{"line":6,"column":9101}},"45":{"start":{"line":6,"column":9181},"end":{"line":6,"column":9209}},"46":{"start":{"line":6,"column":9220},"end":{"line":6,"column":9244}},"47":{"start":{"line":6,"column":9247},"end":{"line":6,"column":9272}},"48":{"start":{"line":6,"column":9275},"end":{"line":6,"column":9311}},"49":{"start":{"line":6,"column":9314},"end":{"line":6,"column":9348}},"50":{"start":{"line":6,"column":9355},"end":{"line":6,"column":9357}},"51":{"start":{"line":6,"column":9385},"end":{"line":6,"column":9399}},"52":{"start":{"line":6,"column":9400},"end":{"line":6,"column":9413}},"53":{"start":{"line":6,"column":9406},"end":{"line":6,"column":9413}},"54":{"start":{"line":6,"column":9421},"end":{"line":6,"column":9450}},"55":{"start":{"line":6,"column":9451},"end":{"line":6,"column":9583}},"56":{"start":{"line":6,"column":9583},"end":{"line":6,"column":10322}},"57":{"start":{"line":6,"column":9587},"end":{"line":6,"column":10029}},"58":{"start":{"line":6,"column":9642},"end":{"line":6,"column":9676}},"59":{"start":{"line":6,"column":9677},"end":{"line":6,"column":9696}},"60":{"start":{"line":6,"column":9704},"end":{"line":6,"column":9733}},"61":{"start":{"line":6,"column":9734},"end":{"line":6,"column":9808}},"62":{"start":{"line":6,"column":9814},"end":{"line":6,"column":10029}},"63":{"start":{"line":6,"column":9838},"end":{"line":6,"column":9867}},"64":{"start":{"line":6,"column":9868},"end":{"line":6,"column":10023}},"65":{"start":{"line":6,"column":10039},"end":{"line":6,"column":10076}},"66":{"start":{"line":6,"column":10084},"end":{"line":6,"column":10113}},"67":{"start":{"line":6,"column":10114},"end":{"line":6,"column":10263}},"68":{"start":{"line":6,"column":10272},"end":{"line":6,"column":10321}},"69":{"start":{"line":6,"column":10323},"end":{"line":6,"column":10417}},"70":{"start":{"line":6,"column":10395},"end":{"line":6,"column":10415}}},"fnMap":{"0":{"name":"(anonymous_0)","decl":{"start":{"line":6,"column":98},"end":{"line":6,"column":99}},"loc":{"start":{"line":6,"column":108},"end":{"line":6,"column":968}},"line":6},"1":{"name":"(anonymous_1)","decl":{"start":{"line":6,"column":173},"end":{"line":6,"column":174}},"loc":{"start":{"line":6,"column":176},"end":{"line":6,"column":382}},"line":6},"2":{"name":"(anonymous_2)","decl":{"start":{"line":6,"column":204},"end":{"line":6,"column":205}},"loc":{"start":{"line":6,"column":215},"end":{"line":6,"column":380}},"line":6},"3":{"name":"(anonymous_3)","decl":{"start":{"line":6,"column":392},"end":{"line":6,"column":393}},"loc":{"start":{"line":6,"column":396},"end":{"line":6,"column":805}},"line":6},"4":{"name":"(anonymous_4)","decl":{"start":{"line":6,"column":656},"end":{"line":6,"column":657}},"loc":{"start":{"line":6,"column":666},"end":{"line":6,"column":803}},"line":6},"5":{"name":"(anonymous_5)","decl":{"start":{"line":6,"column":867},"end":{"line":6,"column":868}},"loc":{"start":{"line":6,"column":877},"end":{"line":6,"column":952}},"line":6},"6":{"name":"setupSearch","decl":{"start":{"line":6,"column":979},"end":{"line":6,"column":990}},"loc":{"start":{"line":6,"column":992},"end":{"line":6,"column":5475}},"line":6},"7":{"name":"(anonymous_7)","decl":{"start":{"line":6,"column":3739},"end":{"line":6,"column":3740}},"loc":{"start":{"line":6,"column":3749},"end":{"line":6,"column":3809}},"line":6},"8":{"name":"(anonymous_8)","decl":{"start":{"line":6,"column":3869},"end":{"line":6,"column":3870}},"loc":{"start":{"line":6,"column":3879},"end":{"line":6,"column":3909}},"line":6},"9":{"name":"(anonymous_9)","decl":{"start":{"line":6,"column":3947},"end":{"line":6,"column":3948}},"loc":{"start":{"line":6,"column":3958},"end":{"line":6,"column":4038}},"line":6},"10":{"name":"(anonymous_10)","decl":{"start":{"line":6,"column":4137},"end":{"line":6,"column":4138}},"loc":{"start":{"line":6,"column":4147},"end":{"line":6,"column":5473}},"line":6},"11":{"name":"(anonymous_11)","decl":{"start":{"line":6,"column":5129},"end":{"line":6,"column":5130}},"loc":{"start":{"line":6,"column":5132},"end":{"line":6,"column":5202}},"line":6},"12":{"name":"(anonymous_12)","decl":{"start":{"line":6,"column":5273},"end":{"line":6,"column":5274}},"loc":{"start":{"line":6,"column":5276},"end":{"line":6,"column":5462}},"line":6},"13":{"name":"initChatbot","decl":{"start":{"line":6,"column":5484},"end":{"line":6,"column":5495}},"loc":{"start":{"line":6,"column":5497},"end":{"line":6,"column":10418}},"line":6},"14":{"name":"(anonymous_14)","decl":{"start":{"line":6,"column":9062},"end":{"line":6,"column":9063}},"loc":{"start":{"line":6,"column":9072},"end":{"line":6,"column":9102}},"line":6},"15":{"name":"(anonymous_15)","decl":{"start":{"line":6,"column":9170},"end":{"line":6,"column":9171}},"loc":{"start":{"line":6,"column":9180},"end":{"line":6,"column":9210}},"line":6},"16":{"name":"c","decl":{"start":{"line":6,"column":9373},"end":{"line":6,"column":9374}},"loc":{"start":{"line":6,"column":9376},"end":{"line":6,"column":10323}},"line":6},"17":{"name":"(anonymous_17)","decl":{"start":{"line":6,"column":9825},"end":{"line":6,"column":9826}},"loc":{"start":{"line":6,"column":9829},"end":{"line":6,"column":10024}},"line":6},"18":{"name":"(anonymous_18)","decl":{"start":{"line":6,"column":10383},"end":{"line":6,"column":10384}},"loc":{"start":{"line":6,"column":10394},"end":{"line":6,"column":10416}},"line":6}},"branchMap":{"0":{"loc":{"start":{"line":6,"column":269},"end":{"line":6,"column":287}},"type":"if","locations":[{"start":{"line":6,"column":269},"end":{"line":6,"column":287}},{"start":{},"end":{}}],"line":6},"1":{"loc":{"start":{"line":6,"column":321},"end":{"line":6,"column":379}},"type":"binary-expr","locations":[{"start":{"line":6,"column":321},"end":{"line":6,"column":322}},{"start":{"line":6,"column":324},"end":{"line":6,"column":379}}],"line":6},"2":{"loc":{"start":{"line":6,"column":711},"end":{"line":6,"column":802}},"type":"cond-expr","locations":[{"start":{"line":6,"column":742},"end":{"line":6,"column":772}},{"start":{"line":6,"column":773},"end":{"line":6,"column":802}}],"line":6},"3":{"loc":{"start":{"line":6,"column":806},"end":{"line":6,"column":833}},"type":"binary-expr","locations":[{"start":{"line":6,"column":806},"end":{"line":6,"column":828}},{"start":{"line":6,"column":830},"end":{"line":6,"column":833}}],"line":6},"4":{"loc":{"start":{"line":6,"column":878},"end":{"line":6,"column":951}},"type":"binary-expr","locations":[{"start":{"line":6,"column":878},"end":{"line":6,"column":900}},{"start":{"line":6,"column":903},"end":{"line":6,"column":945}},{"start":{"line":6,"column":947},"end":{"line":6,"column":950}}],"line":6},"5":{"loc":{"start":{"line":6,"column":3959},"end":{"line":6,"column":4037}},"type":"binary-expr","locations":[{"start":{"line":6,"column":3959},"end":{"line":6,"column":3975}},{"start":{"line":6,"column":3977},"end":{"line":6,"column":4007}},{"start":{"line":6,"column":4009},"end":{"line":6,"column":4037}}],"line":6},"6":{"loc":{"start":{"line":6,"column":4188},"end":{"line":6,"column":4281}},"type":"if","locations":[{"start":{"line":6,"column":4188},"end":{"line":6,"column":4281}},{"start":{},"end":{}}],"line":6},"7":{"loc":{"start":{"line":6,"column":5132},"end":{"line":6,"column":5202}},"type":"binary-expr","locations":[{"start":{"line":6,"column":5132},"end":{"line":6,"column":5165}},{"start":{"line":6,"column":5167},"end":{"line":6,"column":5202}}],"line":6},"8":{"loc":{"start":{"line":6,"column":5204},"end":{"line":6,"column":5472}},"type":"cond-expr","locations":[{"start":{"line":6,"column":5217},"end":{"line":6,"column":5254}},{"start":{"line":6,"column":5255},"end":{"line":6,"column":5472}}],"line":6},"9":{"loc":{"start":{"line":6,"column":5548},"end":{"line":6,"column":5561}},"type":"if","locations":[{"start":{"line":6,"column":5548},"end":{"line":6,"column":5561}},{"start":{},"end":{}}],"line":6},"10":{"loc":{"start":{"line":6,"column":9400},"end":{"line":6,"column":9413}},"type":"if","locations":[{"start":{"line":6,"column":9400},"end":{"line":6,"column":9413}},{"start":{},"end":{}}],"line":6},"11":{"loc":{"start":{"line":6,"column":9587},"end":{"line":6,"column":10029}},"type":"if","locations":[{"start":{"line":6,"column":9587},"end":{"line":6,"column":10029}},{"start":{"line":6,"column":9814},"end":{"line":6,"column":10029}}],"line":6},"12":{"loc":{"start":{"line":6,"column":10395},"end":{"line":6,"column":10415}},"type":"binary-expr","locations":[{"start":{"line":6,"column":10395},"end":{"line":6,"column":10410}},{"start":{"line":6,"column":10412},"end":{"line":6,"column":10415}}],"line":6}},"s":{"0":0,"1":0,"2":0,"3":0,"4":0,"5":0,"6":0,"7":0,"8":0,"9":0,"10":0,"11":0,"12":0,"13":0,"14":0,"15":0,"16":0,"17":0,"18":0,"19":0,"20":0,"21":0,"22":0,"23":0,"24":0,"25":0,"26":0,"27":0,"28":0,"29":0,"30":0,"31":0,"32":0,"33":0,"34":0,"35":0,"36":0,"37":0,"38":0,"39":0,"40":0,"41":0,"42":0,"43":0,"44":0,"45":0,"46":0,"47":0,"48":0,"49":0,"50":0,"51":0,"52":0,"53":0,"54":0,"55":0,"56":0,"57":0,"58":0,"59":0,"60":0,"61":0,"62":0,"63":0,"64":0,"65":0,"66":0,"67":0,"68":0,"69":0,"70":0},"f":{"0":0,"1":0,"2":0,"3":0,"4":0,"5":0,"6":0,"7":0,"8":0,"9":0,"10":0,"11":0,"12":0,"13":0,"14":0,"15":0,"16":0,"17":0,"18":0},"b":{"0":[0,0],"1":[0,0],"2":[0,0],"3":[0,0],"4":[0,0,0],"5":[0,0,0],"6":[0,0],"7":[0,0],"8":[0,0],"9":[0,0],"10":[0,0],"11":[0,0],"12":[0,0]}}
,"C:\\Users\\david.hayes\\Downloads\\ai-dev-education\\src\\utils\\openrouter.js": {"path":"C:\\Users\\david.hayes\\Downloads\\ai-dev-education\\src\\utils\\openrouter.js","statementMap":{"0":{"start":{"line":5,"column":27},"end":{"line":5,"column":102}},"1":{"start":{"line":8,"column":27},"end":{"line":8,"column":74}},"2":{"start":{"line":11,"column":22},"end":{"line":11,"column":42}},"3":{"start":{"line":15,"column":2},"end":{"line":66,"column":3}},"4":{"start":{"line":17,"column":4},"end":{"line":20,"column":7}},"5":{"start":{"line":23,"column":21},"end":{"line":41,"column":6}},"6":{"start":{"line":43,"column":4},"end":{"line":45,"column":5}},"7":{"start":{"line":44,"column":6},"end":{"line":44,"column":75}},"8":{"start":{"line":47,"column":17},"end":{"line":47,"column":38}},"9":{"start":{"line":48,"column":21},"end":{"line":48,"column":52}},"10":{"start":{"line":51,"column":4},"end":{"line":54,"column":7}},"11":{"start":{"line":56,"column":4},"end":{"line":59,"column":6}},"12":{"start":{"line":61,"column":4},"end":{"line":61,"column":69}},"13":{"start":{"line":62,"column":4},"end":{"line":65,"column":6}}},"fnMap":{"0":{"name":"sendMessageToOpenRouter","decl":{"start":{"line":14,"column":15},"end":{"line":14,"column":38}},"loc":{"start":{"line":14,"column":74},"end":{"line":67,"column":1}},"line":14}},"branchMap":{"0":{"loc":{"start":{"line":14,"column":48},"end":{"line":14,"column":72}},"type":"default-arg","locations":[{"start":{"line":14,"column":70},"end":{"line":14,"column":72}}],"line":14},"1":{"loc":{"start":{"line":43,"column":4},"end":{"line":45,"column":5}},"type":"if","locations":[{"start":{"line":43,"column":4},"end":{"line":45,"column":5}},{"start":{},"end":{}}],"line":43}},"s":{"0":0,"1":0,"2":0,"3":0,"4":0,"5":0,"6":0,"7":0,"8":0,"9":0,"10":0,"11":0,"12":0,"13":0},"f":{"0":0},"b":{"0":[0],"1":[0,0]}}
,"C:\\Users\\david.hayes\\Downloads\\ai-dev-education\\src\\utils\\openrouter_api_key.js": {"path":"C:\\Users\\david.hayes\\Downloads\\ai-dev-education\\src\\utils\\openrouter_api_key.js","statementMap":{"0":{"start":{"line":4,"column":27},"end":{"line":4,"column":46}}},"fnMap":{},"branchMap":{},"s":{"0":0},"f":{},"b":{}}
}
