TN:
SF:src\utils\chatbot.js
FN:10,(anonymous_0)
FN:15,(anonymous_1)
FNF:2
FNH:0
FNDA:0,(anonymous_0)
FNDA:0,(anonymous_1)
DA:11,0
DA:12,0
DA:16,0
DA:18,0
DA:23,0
DA:41,0
DA:42,0
DA:45,0
DA:46,0
DA:49,0
DA:54,0
DA:59,0
DA:60,0
LF:13
LH:0
BRDA:15,0,0,0
BRDA:41,1,0,0
BRDA:41,1,1,0
BRF:3
BRH:0
end_of_record
TN:
SF:src\utils\main.js
FN:10,(anonymous_0)
FN:15,(anonymous_1)
FN:16,(anonymous_2)
FN:33,(anonymous_3)
FN:46,(anonymous_4)
FN:60,(anonymous_5)
FN:73,setupSearch
FN:181,(anonymous_7)
FN:187,(anonymous_8)
FN:192,(anonymous_9)
FN:202,(anonymous_10)
FN:218,(anonymous_11)
FN:226,(anonymous_12)
FN:237,initChatbot
FN:368,(anonymous_14)
FN:373,(anonymous_15)
FN:386,sendMessage
FN:421,(anonymous_17)
FN:446,(anonymous_18)
FNF:19
FNH:0
FNDA:0,(anonymous_0)
FNDA:0,(anonymous_1)
FNDA:0,(anonymous_2)
FNDA:0,(anonymous_3)
FNDA:0,(anonymous_4)
FNDA:0,(anonymous_5)
FNDA:0,setupSearch
FNDA:0,(anonymous_7)
FNDA:0,(anonymous_8)
FNDA:0,(anonymous_9)
FNDA:0,(anonymous_10)
FNDA:0,(anonymous_11)
FNDA:0,(anonymous_12)
FNDA:0,initChatbot
FNDA:0,(anonymous_14)
FNDA:0,(anonymous_15)
FNDA:0,sendMessage
FNDA:0,(anonymous_17)
FNDA:0,(anonymous_18)
DA:10,0
DA:12,0
DA:15,0
DA:16,0
DA:17,0
DA:19,0
DA:20,0
DA:22,0
DA:23,0
DA:24,0
DA:33,0
DA:34,0
DA:35,0
DA:38,0
DA:39,0
DA:40,0
DA:43,0
DA:46,0
DA:47,0
DA:48,0
DA:55,0
DA:56,0
DA:60,0
DA:61,0
DA:62,0
DA:63,0
DA:69,0
DA:75,0
DA:76,0
DA:77,0
DA:78,0
DA:79,0
DA:82,0
DA:83,0
DA:84,0
DA:91,0
DA:94,0
DA:95,0
DA:178,0
DA:181,0
DA:182,0
DA:183,0
DA:187,0
DA:188,0
DA:192,0
DA:193,0
DA:194,0
DA:199,0
DA:200,0
DA:202,0
DA:203,0
DA:204,0
DA:205,0
DA:206,0
DA:210,0
DA:218,0
DA:219,0
DA:223,0
DA:224,0
DA:226,0
DA:238,0
DA:240,0
DA:243,0
DA:244,0
DA:245,0
DA:265,0
DA:266,0
DA:364,0
DA:365,0
DA:368,0
DA:369,0
DA:373,0
DA:374,0
DA:378,0
DA:379,0
DA:380,0
DA:381,0
DA:384,0
DA:387,0
DA:388,0
DA:391,0
DA:392,0
DA:393,0
DA:394,0
DA:397,0
DA:400,0
DA:403,0
DA:405,0
DA:407,0
DA:409,0
DA:412,0
DA:415,0
DA:416,0
DA:417,0
DA:418,0
DA:421,0
DA:422,0
DA:423,0
DA:424,0
DA:425,0
DA:429,0
DA:432,0
DA:433,0
DA:434,0
DA:435,0
DA:438,0
DA:441,0
DA:445,0
DA:446,0
DA:447,0
DA:448,0
LF:111
LH:0
BRDA:20,0,0,0
BRDA:20,0,1,0
BRDA:23,1,0,0
BRDA:23,1,1,0
BRDA:48,2,0,0
BRDA:48,2,1,0
BRDA:55,3,0,0
BRDA:55,3,1,0
BRDA:61,4,0,0
BRDA:61,4,1,0
BRDA:62,5,0,0
BRDA:62,5,1,0
BRDA:193,6,0,0
BRDA:193,6,1,0
BRDA:193,7,0,0
BRDA:193,7,1,0
BRDA:204,8,0,0
BRDA:204,8,1,0
BRDA:219,9,0,0
BRDA:219,9,1,0
BRDA:223,10,0,0
BRDA:223,10,1,0
BRDA:240,11,0,0
BRDA:240,11,1,0
BRDA:388,12,0,0
BRDA:388,12,1,0
BRDA:407,13,0,0
BRDA:407,13,1,0
BRDA:447,14,0,0
BRDA:447,14,1,0
BRF:30
BRH:0
end_of_record
TN:
SF:src\utils\main.min.js
FN:6,(anonymous_0)
FN:6,(anonymous_1)
FN:6,(anonymous_2)
FN:6,(anonymous_3)
FN:6,(anonymous_4)
FN:6,(anonymous_5)
FN:6,setupSearch
FN:6,(anonymous_7)
FN:6,(anonymous_8)
FN:6,(anonymous_9)
FN:6,(anonymous_10)
FN:6,(anonymous_11)
FN:6,(anonymous_12)
FN:6,initChatbot
FN:6,(anonymous_14)
FN:6,(anonymous_15)
FN:6,c
FN:6,(anonymous_17)
FN:6,(anonymous_18)
FNF:19
FNH:0
FNDA:0,(anonymous_0)
FNDA:0,(anonymous_1)
FNDA:0,(anonymous_2)
FNDA:0,(anonymous_3)
FNDA:0,(anonymous_4)
FNDA:0,(anonymous_5)
FNDA:0,setupSearch
FNDA:0,(anonymous_7)
FNDA:0,(anonymous_8)
FNDA:0,(anonymous_9)
FNDA:0,(anonymous_10)
FNDA:0,(anonymous_11)
FNDA:0,(anonymous_12)
FNDA:0,initChatbot
FNDA:0,(anonymous_14)
FNDA:0,(anonymous_15)
FNDA:0,c
FNDA:0,(anonymous_17)
FNDA:0,(anonymous_18)
DA:6,0
LF:1
LH:0
BRDA:6,0,0,0
BRDA:6,0,1,0
BRDA:6,1,0,0
BRDA:6,1,1,0
BRDA:6,2,0,0
BRDA:6,2,1,0
BRDA:6,3,0,0
BRDA:6,3,1,0
BRDA:6,4,0,0
BRDA:6,4,1,0
BRDA:6,4,2,0
BRDA:6,5,0,0
BRDA:6,5,1,0
BRDA:6,5,2,0
BRDA:6,6,0,0
BRDA:6,6,1,0
BRDA:6,7,0,0
BRDA:6,7,1,0
BRDA:6,8,0,0
BRDA:6,8,1,0
BRDA:6,9,0,0
BRDA:6,9,1,0
BRDA:6,10,0,0
BRDA:6,10,1,0
BRDA:6,11,0,0
BRDA:6,11,1,0
BRDA:6,12,0,0
BRDA:6,12,1,0
BRF:28
BRH:0
end_of_record
TN:
SF:src\utils\openrouter.js
FN:14,sendMessageToOpenRouter
FNF:1
FNH:0
FNDA:0,sendMessageToOpenRouter
DA:5,0
DA:8,0
DA:11,0
DA:15,0
DA:17,0
DA:23,0
DA:43,0
DA:44,0
DA:47,0
DA:48,0
DA:51,0
DA:56,0
DA:61,0
DA:62,0
LF:14
LH:0
BRDA:14,0,0,0
BRDA:43,1,0,0
BRDA:43,1,1,0
BRF:3
BRH:0
end_of_record
TN:
SF:src\utils\openrouter_api_key.js
FNF:0
FNH:0
DA:4,0
LF:1
LH:0
BRF:0
BRH:0
end_of_record
